[2026-03-18 14:40] 開始 push...
[2026-03-18 14:40] ✅ Push 完成
[2026-03-19 05:05] 開始 push...
[main d98357c] report: 2026-03-19 盤後報告
 17 files changed, 214 insertions(+), 14 deletions(-)
 create mode 100644 reports/2026-03-19.json
 create mode 100644 reports/2026-03-19.md
To https://github.com/Rostov12/market-intel.git
   f8050f0..d98357c  main -> main
[2026-03-19 05:05] ✅ Push 完成
[2026-03-19 05:05] ✅ Push 完成
[2026-03-19 08:29] 開始 push...
[2026-03-19 08:29] 風險注入完成
[2026-03-19 08:29] ✅ Push 完成
[2026-03-19 08:30] 開始 push...
  風險數據已注入：風險燈號：黃（score=3）
[2026-03-19 08:30] 風險注入完成
[main 2fd3a8b] report: 2026-03-19 盤後報告
 1 file changed, 4 insertions(+)
To https://github.com/Rostov12/market-intel.git
   22768cf..2fd3a8b  main -> main
[2026-03-19 08:30] ✅ Push 完成
[2026-03-19 08:30] ✅ Push 完成
[2026-03-19 08:30] 開始 push...
[2026-03-19 08:30] 風險注入完成
[2026-03-19 08:30] ✅ Push 完成
[2026-03-19 10:18] 開始 push...
[2026-03-19 10:18] 風險注入完成
[2026-03-19 10:18] ✅ Push 完成
